97.10.12 23:14 B D:\Verge\galaxy\castle.vsp --> free.prohosting.com /usr/home/tarkuss/html/verge castle.vsp
97.10.12 23:14 B D:\Verge\galaxy\cave.vsp --> free.prohosting.com /usr/home/tarkuss/html/verge cave.vsp
97.10.12 23:15 B D:\Verge\galaxy\forest.vsp --> free.prohosting.com /usr/home/tarkuss/html/verge forest.vsp
97.10.12 23:15 B D:\Verge\galaxy\lava.vsp --> free.prohosting.com /usr/home/tarkuss/html/verge lava.vsp
97.10.12 23:15 B D:\Verge\galaxy\town.vsp --> free.prohosting.com /usr/home/tarkuss/html/verge town.vsp
97.10.12 23:15 B D:\Verge\galaxy\world.vsp --> free.prohosting.com /usr/home/tarkuss/html/verge world.vsp
97.12.06 15:42 B D:\Verge\galaxy\castle.vsp --> thunder.prohosting.com /usr/home/tarkuss/html/verge castle.vsp
97.12.06 15:42 B D:\Verge\galaxy\cave.vsp --> thunder.prohosting.com /usr/home/tarkuss/html/verge cave.vsp
97.12.06 15:42 B D:\Verge\galaxy\forest.vsp --> thunder.prohosting.com /usr/home/tarkuss/html/verge forest.vsp
97.12.06 15:43 B D:\Verge\galaxy\lava.vsp --> thunder.prohosting.com /usr/home/tarkuss/html/verge lava.vsp
97.12.06 15:44 B D:\Verge\galaxy\town.vsp --> thunder.prohosting.com /usr/home/tarkuss/html/verge town.vsp
97.12.06 15:44 B D:\Verge\galaxy\world.vsp --> thunder.prohosting.com /usr/home/tarkuss/html/verge world.vsp
97.12.06 15:44 B D:\Verge\galaxy\amber.chr --> thunder.prohosting.com /usr/home/tarkuss/html/verge amber.chr
97.12.06 15:44 B D:\Verge\galaxy\Kita.chr --> thunder.prohosting.com /usr/home/tarkuss/html/verge Kita.chr
97.12.06 15:45 B D:\Verge\galaxy\liam.chr --> thunder.prohosting.com /usr/home/tarkuss/html/verge liam.chr
97.12.06 15:45 B D:\Verge\galaxy\soldier.chr --> thunder.prohosting.com /usr/home/tarkuss/html/verge soldier.chr
97.12.06 15:45 B D:\Verge\galaxy\amber.cr2 --> thunder.prohosting.com /usr/home/tarkuss/html/verge amber.cr2
97.12.06 15:45 B D:\Verge\galaxy\Kita.cr2 --> thunder.prohosting.com /usr/home/tarkuss/html/verge Kita.cr2
97.12.06 15:45 B D:\Verge\galaxy\liam.cr2 --> thunder.prohosting.com /usr/home/tarkuss/html/verge liam.cr2
97.12.06 15:45 B D:\Verge\galaxy\soldier.cr2 --> thunder.prohosting.com /usr/home/tarkuss/html/verge soldier.cr2
